<?xml version="1.0" encoding="UTF-8"?>
<!-- Generated by org.testng.reporters.JUnitXMLReporter -->
<testsuite ignored="12" hostname="DESKTOP-B3C9E0N" failures="0" tests="5" name="E2E Scenarios" time="8.167" errors="0" timestamp="2025-01-06T13:18:17 EET">
  <testcase classname="testcases.TC01_CreateToken" name="createtokenwithvaliddata_P" time="2.873"/>
  <testcase classname="testcases.TC02_CreateBooking" name="createbookingwithvaliddata_P" time="1.167"/>
  <testcase classname="testcases.TC03_UpdateBooking" name="updateallbooking_P" time="1.251"/>
  <testcase classname="testcases.TC03_UpdateBooking" name="partialupdateforfirstlastname_P" time="1.107"/>
  <testcase classname="testcases.TC04_DeleteBooking" name="deletebookingwithvaliddata_P" time="1.467"/>
  <testcase classname="testcases.TestBase" name="@BeforeTest Setup" time="0.0">
    <ignored/>
  </testcase> <!-- @BeforeTest Setup -->
  <testcase classname="testcases.TC03_UpdateBooking" name="updatewithinvalidmethod_N" time="0.0">
    <ignored/>
  </testcase> <!-- updatewithinvalidmethod_N -->
  <testcase classname="testcases.TC01_CreateToken" name="createtokenwithinvalidmethod" time="0.0">
    <ignored/>
  </testcase> <!-- createtokenwithinvalidmethod -->
  <testcase classname="testcases.TC01_CreateToken" name="createtokenwithinvalidpath_N" time="0.0">
    <ignored/>
  </testcase> <!-- createtokenwithinvalidpath_N -->
  <testcase classname="testcases.TestBase" name="@BeforeTest Setup" time="0.0">
    <ignored/>
  </testcase> <!-- @BeforeTest Setup -->
  <testcase classname="testcases.TC02_CreateBooking" name="createbookingwithinvalidmethod_N" time="0.0">
    <ignored/>
  </testcase> <!-- createbookingwithinvalidmethod_N -->
  <testcase classname="testcases.TC02_CreateBooking" name="createbookingwithinvalidpayload_N" time="0.0">
    <ignored/>
  </testcase> <!-- createbookingwithinvalidpayload_N -->
  <testcase classname="testcases.TestBase" name="@BeforeTest Setup" time="0.0">
    <ignored/>
  </testcase> <!-- @BeforeTest Setup -->
  <testcase classname="testcases.TC03_UpdateBooking" name="updatebookingwithinvalidpath_N" time="0.0">
    <ignored/>
  </testcase> <!-- updatebookingwithinvalidpath_N -->
  <testcase classname="testcases.TC01_CreateToken" name="createtokenwithinvalidcredentials_N" time="0.0">
    <ignored/>
  </testcase> <!-- createtokenwithinvalidcredentials_N -->
  <testcase classname="testcases.TC04_DeleteBooking" name="deletebookingwithinvalidpath_N" time="0.0">
    <ignored/>
  </testcase> <!-- deletebookingwithinvalidpath_N -->
  <testcase classname="testcases.TC02_CreateBooking" name="createbookingwithinvalidpath_N" time="0.0">
    <ignored/>
  </testcase> <!-- createbookingwithinvalidpath_N -->
</testsuite> <!-- E2E Scenarios -->
