<?xml version="1.0" encoding="UTF-8"?>
<!-- Generated by org.testng.reporters.JUnitXMLReporter -->
<testsuite ignored="6" hostname="DESKTOP-B3C9E0N" failures="0" tests="8" name="E2E Scenarios" time="11.412" errors="0" timestamp="2025-01-06T12:25:52 EET">
  <testcase classname="testcases.TC01_CreateToken" name="createtokenwithinvalidmethod" time="2.752"/>
  <testcase classname="testcases.TC01_CreateToken" name="createtokenwithinvalidcredentials_N" time="1.539"/>
  <testcase classname="testcases.TC01_CreateToken" name="createtokenwithinvalidpath_N" time="1.066"/>
  <testcase classname="testcases.TC02_CreateBooking" name="createbookingwithinvalidmethod_N" time="1.166"/>
  <testcase classname="testcases.TC02_CreateBooking" name="createbookingwithinvalidpayload_N" time="1.14"/>
  <testcase classname="testcases.TC02_CreateBooking" name="createbookingwithinvalidpath_N" time="1.115"/>
  <testcase classname="testcases.TC03_UpdateBooking" name="updatewithinvalidmethod_N" time="1.175"/>
  <testcase classname="testcases.TC03_UpdateBooking" name="updatebookingwithinvalidpath_N" time="1.109"/>
  <testcase classname="testcases.TC03_UpdateBooking" name="updateallbooking_P" time="0.0">
    <ignored/>
  </testcase> <!-- updateallbooking_P -->
  <testcase classname="testcases.TestBase" name="@BeforeTest Setup" time="0.0">
    <ignored/>
  </testcase> <!-- @BeforeTest Setup -->
  <testcase classname="testcases.TestBase" name="@BeforeTest Setup" time="0.0">
    <ignored/>
  </testcase> <!-- @BeforeTest Setup -->
  <testcase classname="testcases.TC02_CreateBooking" name="createbookingwithvaliddata_P" time="0.0">
    <ignored/>
  </testcase> <!-- createbookingwithvaliddata_P -->
  <testcase classname="testcases.TC01_CreateToken" name="createtokenwithvaliddata_P" time="0.0">
    <ignored/>
  </testcase> <!-- createtokenwithvaliddata_P -->
  <testcase classname="testcases.TC03_UpdateBooking" name="partialupdateforfirstlastname_P" time="0.0">
    <ignored/>
  </testcase> <!-- partialupdateforfirstlastname_P -->
</testsuite> <!-- E2E Scenarios -->
