<?xml version="1.0" encoding="UTF-8"?>
<testng-results ignored="6" total="14" passed="8" failed="0" skipped="0">
  <reporter-output>
  </reporter-output>
  <suite started-at="2025-01-06T12:25:40 EET" name="Restfull Booking" finished-at="2025-01-06T12:25:52 EET" duration-ms="11412">
    <groups>
    </groups>
    <test started-at="2025-01-06T12:25:40 EET" name="E2E Scenarios" finished-at="2025-01-06T12:25:52 EET" duration-ms="11412">
      <class name="testcases.TC02_CreateBooking">
        <test-method signature="createbookingwithinvalidmethod_N()[pri:2, instance:testcases.TC02_CreateBooking@58294867]" started-at="2025-01-06T12:25:46 EET" name="createbookingwithinvalidmethod_N" description="Create Booking With Invalid Method" finished-at="2025-01-06T12:25:47 EET" duration-ms="1166" status="PASS">
          <reporter-output>
          </reporter-output>
        </test-method> <!-- createbookingwithinvalidmethod_N -->
        <test-method signature="createbookingwithinvalidpayload_N()[pri:3, instance:testcases.TC02_CreateBooking@58294867]" started-at="2025-01-06T12:25:47 EET" name="createbookingwithinvalidpayload_N" description="Create Booking with Invalid Payload" finished-at="2025-01-06T12:25:48 EET" duration-ms="1140" status="PASS">
          <reporter-output>
          </reporter-output>
        </test-method> <!-- createbookingwithinvalidpayload_N -->
        <test-method signature="createbookingwithinvalidpath_N()[pri:4, instance:testcases.TC02_CreateBooking@58294867]" started-at="2025-01-06T12:25:48 EET" name="createbookingwithinvalidpath_N" description=" Create Booking With Invalid Path" finished-at="2025-01-06T12:25:49 EET" duration-ms="1115" status="PASS">
          <reporter-output>
          </reporter-output>
        </test-method> <!-- createbookingwithinvalidpath_N -->
      </class> <!-- testcases.TC02_CreateBooking -->
      <class name="testcases.TC01_CreateToken">
        <test-method is-config="true" signature="Setup()[pri:0, instance:testcases.TC01_CreateToken@6a28ffa4]" started-at="2025-01-06T12:25:40 EET" name="Setup" finished-at="2025-01-06T12:25:41 EET" duration-ms="308" status="PASS">
          <reporter-output>
          </reporter-output>
        </test-method> <!-- Setup -->
        <test-method signature="createtokenwithinvalidmethod()[pri:2, instance:testcases.TC01_CreateToken@6a28ffa4]" started-at="2025-01-06T12:25:41 EET" name="createtokenwithinvalidmethod" description="Create Token With invalid Action method" finished-at="2025-01-06T12:25:43 EET" duration-ms="2752" status="PASS">
          <reporter-output>
          </reporter-output>
        </test-method> <!-- createtokenwithinvalidmethod -->
        <test-method signature="createtokenwithinvalidcredentials_N()[pri:3, instance:testcases.TC01_CreateToken@6a28ffa4]" started-at="2025-01-06T12:25:43 EET" name="createtokenwithinvalidcredentials_N" description="Create Token with invalid credentials" finished-at="2025-01-06T12:25:45 EET" duration-ms="1539" status="PASS">
          <reporter-output>
          </reporter-output>
        </test-method> <!-- createtokenwithinvalidcredentials_N -->
        <test-method signature="createtokenwithinvalidpath_N()[pri:4, instance:testcases.TC01_CreateToken@6a28ffa4]" started-at="2025-01-06T12:25:45 EET" name="createtokenwithinvalidpath_N" description="Create Token with Invalid Path" finished-at="2025-01-06T12:25:46 EET" duration-ms="1066" status="PASS">
          <reporter-output>
          </reporter-output>
        </test-method> <!-- createtokenwithinvalidpath_N -->
      </class> <!-- testcases.TC01_CreateToken -->
      <class name="testcases.TC03_UpdateBooking">
        <test-method signature="updatewithinvalidmethod_N()[pri:3, instance:testcases.TC03_UpdateBooking@59303963]" started-at="2025-01-06T12:25:49 EET" name="updatewithinvalidmethod_N" description="Update Booking Using Invalid Method" finished-at="2025-01-06T12:25:51 EET" duration-ms="1175" status="PASS">
          <reporter-output>
          </reporter-output>
        </test-method> <!-- updatewithinvalidmethod_N -->
        <test-method signature="updatebookingwithinvalidpath_N()[pri:4, instance:testcases.TC03_UpdateBooking@59303963]" started-at="2025-01-06T12:25:51 EET" name="updatebookingwithinvalidpath_N" description="Update Booking With Invalid Path" finished-at="2025-01-06T12:25:52 EET" duration-ms="1109" status="PASS">
          <reporter-output>
          </reporter-output>
        </test-method> <!-- updatebookingwithinvalidpath_N -->
      </class> <!-- testcases.TC03_UpdateBooking -->
    </test> <!-- E2E Scenarios -->
  </suite> <!-- Restfull Booking -->
</testng-results>
